<?xml version="1.0" encoding="UTF-8"?>
<testng-results ignored="0" total="1" passed="1" failed="0" skipped="0">
  <reporter-output>
  </reporter-output>
  <suite started-at="2021-03-20T14:13:27 IST" name="Default suite" finished-at="2021-03-20T14:13:43 IST" duration-ms="15589">
    <groups>
    </groups>
    <test started-at="2021-03-20T14:13:27 IST" name="Default test" finished-at="2021-03-20T14:13:43 IST" duration-ms="15589">
      <class name="test.Launchyoutube">
        <test-method signature="launchyoutube()[pri:0, instance:test.Launchyoutube@79ad8b2f]" started-at="2021-03-20T14:13:27 IST" name="launchyoutube" finished-at="2021-03-20T14:13:43 IST" duration-ms="15484" status="PASS">
          <reporter-output>
          </reporter-output>
        </test-method> <!-- launchyoutube -->
      </class> <!-- test.Launchyoutube -->
    </test> <!-- Default test -->
  </suite> <!-- Default suite -->
</testng-results>
